<?xml version="1.0" encoding="UTF-8"?>
<!-- Generated by org.testng.reporters.JUnitXMLReporter -->
<testsuite hostname="ramesh" name="Test" tests="6" failures="0" timestamp="8 Sep 2021 11:27:23 GMT" time="0.17" errors="0">
  <testcase name="testcase_001" time="0.053" classname="sample.DemoTest_01"/>
  <testcase name="testcase_002" time="0.0" classname="sample.DemoTest_01"/>
  <testcase name="testcase_003" time="0.0" classname="sample.DemoTest_01"/>
  <testcase name="testcase_004" time="0.0" classname="sample.DemoTest_02"/>
  <testcase name="testcase_005" time="0.016" classname="sample.DemoTest_02"/>
  <testcase name="testcase_006" time="0.0" classname="sample.DemoTest_02"/>
</testsuite> <!-- Test -->
