<?xml version="1.0" encoding="UTF-8"?>
<!-- Generated by org.testng.reporters.JUnitXMLReporter -->
<testsuite hostname="ramesh" ignored="0" name="Test" tests="6" failures="0" timestamp="08 Sep 2021 11:34:57 GMT" time="0.092" errors="0">
  <testcase name="testcase_001" time="0.01" classname="sample.DemoTest_01"/>
  <testcase name="testcase_002" time="0.0" classname="sample.DemoTest_01"/>
  <testcase name="testcase_003" time="0.005" classname="sample.DemoTest_01"/>
  <testcase name="testcase_004" time="0.0" classname="sample.DemoTest_02"/>
  <testcase name="testcase_005" time="0.0" classname="sample.DemoTest_02"/>
  <testcase name="testcase_006" time="0.0" classname="sample.DemoTest_02"/>
</testsuite> <!-- Test -->
