<?xml version="1.0" encoding="UTF-8"?>
<testng-results skipped="0" failed="0" total="6" passed="6">
  <reporter-output>
  </reporter-output>
  <suite name="Suite" duration-ms="170" started-at="2021-09-08T11:27:22Z" finished-at="2021-09-08T11:27:23Z">
    <groups>
    </groups>
    <test name="Test" duration-ms="170" started-at="2021-09-08T11:27:22Z" finished-at="2021-09-08T11:27:23Z">
      <class name="sample.DemoTest_02">
        <test-method status="PASS" signature="testcase_004()[pri:0, instance:sample.DemoTest_02@e580929]" name="testcase_004" duration-ms="0" started-at="2021-09-08T16:57:23Z" finished-at="2021-09-08T16:57:23Z">
          <reporter-output>
          </reporter-output>
        </test-method> <!-- testcase_004 -->
        <test-method status="PASS" signature="testcase_005()[pri:0, instance:sample.DemoTest_02@e580929]" name="testcase_005" duration-ms="16" started-at="2021-09-08T16:57:23Z" finished-at="2021-09-08T16:57:23Z">
          <reporter-output>
          </reporter-output>
        </test-method> <!-- testcase_005 -->
        <test-method status="PASS" signature="testcase_006()[pri:0, instance:sample.DemoTest_02@e580929]" name="testcase_006" duration-ms="0" started-at="2021-09-08T16:57:23Z" finished-at="2021-09-08T16:57:23Z">
          <reporter-output>
          </reporter-output>
        </test-method> <!-- testcase_006 -->
      </class> <!-- sample.DemoTest_02 -->
      <class name="sample.DemoTest_01">
        <test-method status="PASS" signature="testcase_001()[pri:0, instance:sample.DemoTest_01@6bdf28bb]" name="testcase_001" duration-ms="53" started-at="2021-09-08T16:57:22Z" finished-at="2021-09-08T16:57:23Z">
          <reporter-output>
          </reporter-output>
        </test-method> <!-- testcase_001 -->
        <test-method status="PASS" signature="testcase_002()[pri:0, instance:sample.DemoTest_01@6bdf28bb]" name="testcase_002" duration-ms="0" started-at="2021-09-08T16:57:23Z" finished-at="2021-09-08T16:57:23Z">
          <reporter-output>
          </reporter-output>
        </test-method> <!-- testcase_002 -->
        <test-method status="PASS" signature="testcase_003()[pri:0, instance:sample.DemoTest_01@6bdf28bb]" name="testcase_003" duration-ms="0" started-at="2021-09-08T16:57:23Z" finished-at="2021-09-08T16:57:23Z">
          <reporter-output>
          </reporter-output>
        </test-method> <!-- testcase_003 -->
      </class> <!-- sample.DemoTest_01 -->
    </test> <!-- Test -->
  </suite> <!-- Suite -->
</testng-results>
